2021-04-28 21:49:13 [127.0.0.1][1][8sh8cmildhahkadkmtpf9ggqif][trace][application] 1
    in L:\Tools\xampp\htdocs\yiiharburg-adminapp\controllers\VotingController.php:478
2021-04-28 21:49:23 [127.0.0.1][1][8sh8cmildhahkadkmtpf9ggqif][trace][application] 1
    in L:\Tools\xampp\htdocs\yiiharburg-adminapp\controllers\VotingController.php:478
2021-04-28 21:49:33 [127.0.0.1][1][8sh8cmildhahkadkmtpf9ggqif][trace][application] 1
    in L:\Tools\xampp\htdocs\yiiharburg-adminapp\controllers\VotingController.php:478
2021-04-28 21:49:43 [127.0.0.1][1][8sh8cmildhahkadkmtpf9ggqif][trace][application] 1
    in L:\Tools\xampp\htdocs\yiiharburg-adminapp\controllers\VotingController.php:478
2021-04-28 21:51:03 [127.0.0.1][1][8sh8cmildhahkadkmtpf9ggqif][error][yii\base\ErrorException:8] yii\base\ErrorException: Undefined variable: model in L:\Tools\xampp\htdocs\yiiharburg-adminapp\models\voting\Votingresultstatistic.php:48
Stack trace:
#0 L:\Tools\xampp\htdocs\yiiharburg-adminapp\models\voting\Votingresultstatistic.php(48): yii\base\ErrorHandler->handleError(8, 'Undefined varia...', 'L:\\Tools\\xampp\\...', 48, Array)
#1 L:\Tools\xampp\htdocs\yiiharburg-adminapp\controllers\VotingController.php(483): app\models\voting\Votingresultstatistic::getResultstatisticsWithWeightingRadio(Object(app\models\voting\Votingquestion))
#2 [internal function]: app\controllers\VotingController->actionGetResults('4')
#3 L:\Tools\xampp\htdocs\yiiharburg-adminapp\vendor\yiisoft\yii2\base\InlineAction.php(57): call_user_func_array(Array, Array)
#4 L:\Tools\xampp\htdocs\yiiharburg-adminapp\vendor\yiisoft\yii2\base\Controller.php(180): yii\base\InlineAction->runWithParams(Array)
#5 L:\Tools\xampp\htdocs\yiiharburg-adminapp\vendor\yiisoft\yii2\base\Module.php(528): yii\base\Controller->runAction('get-results', Array)
#6 L:\Tools\xampp\htdocs\yiiharburg-adminapp\vendor\yiisoft\yii2\web\Application.php(103): yii\base\Module->runAction('voting/get-resu...', Array)
#7 L:\Tools\xampp\htdocs\yiiharburg-adminapp\vendor\yiisoft\yii2\base\Application.php(386): yii\web\Application->handleRequest(Object(yii\web\Request))
#8 L:\Tools\xampp\htdocs\yiiharburg-adminapp\web\index.php(12): yii\base\Application->run()
#9 {main}
2021-04-28 21:51:13 [127.0.0.1][1][8sh8cmildhahkadkmtpf9ggqif][error][yii\base\ErrorException:8] yii\base\ErrorException: Undefined variable: model in L:\Tools\xampp\htdocs\yiiharburg-adminapp\models\voting\Votingresultstatistic.php:48
Stack trace:
#0 L:\Tools\xampp\htdocs\yiiharburg-adminapp\models\voting\Votingresultstatistic.php(48): yii\base\ErrorHandler->handleError(8, 'Undefined varia...', 'L:\\Tools\\xampp\\...', 48, Array)
#1 L:\Tools\xampp\htdocs\yiiharburg-adminapp\controllers\VotingController.php(483): app\models\voting\Votingresultstatistic::getResultstatisticsWithWeightingRadio(Object(app\models\voting\Votingquestion))
#2 [internal function]: app\controllers\VotingController->actionGetResults('4')
#3 L:\Tools\xampp\htdocs\yiiharburg-adminapp\vendor\yiisoft\yii2\base\InlineAction.php(57): call_user_func_array(Array, Array)
#4 L:\Tools\xampp\htdocs\yiiharburg-adminapp\vendor\yiisoft\yii2\base\Controller.php(180): yii\base\InlineAction->runWithParams(Array)
#5 L:\Tools\xampp\htdocs\yiiharburg-adminapp\vendor\yiisoft\yii2\base\Module.php(528): yii\base\Controller->runAction('get-results', Array)
#6 L:\Tools\xampp\htdocs\yiiharburg-adminapp\vendor\yiisoft\yii2\web\Application.php(103): yii\base\Module->runAction('voting/get-resu...', Array)
#7 L:\Tools\xampp\htdocs\yiiharburg-adminapp\vendor\yiisoft\yii2\base\Application.php(386): yii\web\Application->handleRequest(Object(yii\web\Request))
#8 L:\Tools\xampp\htdocs\yiiharburg-adminapp\web\index.php(12): yii\base\Application->run()
#9 {main}
2021-04-28 21:51:23 [127.0.0.1][1][8sh8cmildhahkadkmtpf9ggqif][error][yii\base\ErrorException:8] yii\base\ErrorException: Undefined variable: model in L:\Tools\xampp\htdocs\yiiharburg-adminapp\models\voting\Votingresultstatistic.php:48
Stack trace:
#0 L:\Tools\xampp\htdocs\yiiharburg-adminapp\models\voting\Votingresultstatistic.php(48): yii\base\ErrorHandler->handleError(8, 'Undefined varia...', 'L:\\Tools\\xampp\\...', 48, Array)
#1 L:\Tools\xampp\htdocs\yiiharburg-adminapp\controllers\VotingController.php(483): app\models\voting\Votingresultstatistic::getResultstatisticsWithWeightingRadio(Object(app\models\voting\Votingquestion))
#2 [internal function]: app\controllers\VotingController->actionGetResults('4')
#3 L:\Tools\xampp\htdocs\yiiharburg-adminapp\vendor\yiisoft\yii2\base\InlineAction.php(57): call_user_func_array(Array, Array)
#4 L:\Tools\xampp\htdocs\yiiharburg-adminapp\vendor\yiisoft\yii2\base\Controller.php(180): yii\base\InlineAction->runWithParams(Array)
#5 L:\Tools\xampp\htdocs\yiiharburg-adminapp\vendor\yiisoft\yii2\base\Module.php(528): yii\base\Controller->runAction('get-results', Array)
#6 L:\Tools\xampp\htdocs\yiiharburg-adminapp\vendor\yiisoft\yii2\web\Application.php(103): yii\base\Module->runAction('voting/get-resu...', Array)
#7 L:\Tools\xampp\htdocs\yiiharburg-adminapp\vendor\yiisoft\yii2\base\Application.php(386): yii\web\Application->handleRequest(Object(yii\web\Request))
#8 L:\Tools\xampp\htdocs\yiiharburg-adminapp\web\index.php(12): yii\base\Application->run()
#9 {main}
2021-04-28 21:51:33 [127.0.0.1][1][8sh8cmildhahkadkmtpf9ggqif][error][yii\base\ErrorException:8] yii\base\ErrorException: Undefined variable: model in L:\Tools\xampp\htdocs\yiiharburg-adminapp\models\voting\Votingresultstatistic.php:48
Stack trace:
#0 L:\Tools\xampp\htdocs\yiiharburg-adminapp\models\voting\Votingresultstatistic.php(48): yii\base\ErrorHandler->handleError(8, 'Undefined varia...', 'L:\\Tools\\xampp\\...', 48, Array)
#1 L:\Tools\xampp\htdocs\yiiharburg-adminapp\controllers\VotingController.php(483): app\models\voting\Votingresultstatistic::getResultstatisticsWithWeightingRadio(Object(app\models\voting\Votingquestion))
#2 [internal function]: app\controllers\VotingController->actionGetResults('4')
#3 L:\Tools\xampp\htdocs\yiiharburg-adminapp\vendor\yiisoft\yii2\base\InlineAction.php(57): call_user_func_array(Array, Array)
#4 L:\Tools\xampp\htdocs\yiiharburg-adminapp\vendor\yiisoft\yii2\base\Controller.php(180): yii\base\InlineAction->runWithParams(Array)
#5 L:\Tools\xampp\htdocs\yiiharburg-adminapp\vendor\yiisoft\yii2\base\Module.php(528): yii\base\Controller->runAction('get-results', Array)
#6 L:\Tools\xampp\htdocs\yiiharburg-adminapp\vendor\yiisoft\yii2\web\Application.php(103): yii\base\Module->runAction('voting/get-resu...', Array)
#7 L:\Tools\xampp\htdocs\yiiharburg-adminapp\vendor\yiisoft\yii2\base\Application.php(386): yii\web\Application->handleRequest(Object(yii\web\Request))
#8 L:\Tools\xampp\htdocs\yiiharburg-adminapp\web\index.php(12): yii\base\Application->run()
#9 {main}
2021-04-28 22:00:43 [127.0.0.1][1][8sh8cmildhahkadkmtpf9ggqif][error][ParseError] ParseError: syntax error, unexpected '$anz' (T_VARIABLE) in L:\Tools\xampp\htdocs\yiiharburg-adminapp\models\voting\Votingtopic.php:260
Stack trace:
#0 [internal function]: yii\BaseYii::autoload('app\\models\\voti...')
#1 L:\Tools\xampp\htdocs\yiiharburg-adminapp\models\voting\Votingquestion.php(106): spl_autoload_call('app\\models\\voti...')
#2 L:\Tools\xampp\htdocs\yiiharburg-adminapp\vendor\yiisoft\yii2\base\Component.php(139): app\models\voting\Votingquestion->getVotingtopic()
#3 L:\Tools\xampp\htdocs\yiiharburg-adminapp\vendor\yiisoft\yii2\db\BaseActiveRecord.php(298): yii\base\Component->__get('votingtopic')
#4 L:\Tools\xampp\htdocs\yiiharburg-adminapp\models\voting\Votingresultstatistic.php(29): yii\db\BaseActiveRecord->__get('votingtopic')
#5 L:\Tools\xampp\htdocs\yiiharburg-adminapp\controllers\VotingController.php(483): app\models\voting\Votingresultstatistic::getResultstatisticsWithWeightingRadio(Object(app\models\voting\Votingquestion))
#6 [internal function]: app\controllers\VotingController->actionGetResults('4')
#7 L:\Tools\xampp\htdocs\yiiharburg-adminapp\vendor\yiisoft\yii2\base\InlineAction.php(57): call_user_func_array(Array, Array)
#8 L:\Tools\xampp\htdocs\yiiharburg-adminapp\vendor\yiisoft\yii2\base\Controller.php(180): yii\base\InlineAction->runWithParams(Array)
#9 L:\Tools\xampp\htdocs\yiiharburg-adminapp\vendor\yiisoft\yii2\base\Module.php(528): yii\base\Controller->runAction('get-results', Array)
#10 L:\Tools\xampp\htdocs\yiiharburg-adminapp\vendor\yiisoft\yii2\web\Application.php(103): yii\base\Module->runAction('voting/get-resu...', Array)
#11 L:\Tools\xampp\htdocs\yiiharburg-adminapp\vendor\yiisoft\yii2\base\Application.php(386): yii\web\Application->handleRequest(Object(yii\web\Request))
#12 L:\Tools\xampp\htdocs\yiiharburg-adminapp\web\index.php(12): yii\base\Application->run()
#13 {main}
2021-04-28 22:04:01 [127.0.0.1][1][8sh8cmildhahkadkmtpf9ggqif][error][yii\base\ErrorException:8] yii\base\ErrorException: Undefined variable: model in L:\Tools\xampp\htdocs\yiiharburg-adminapp\models\voting\Votingresultstatistic.php:137
Stack trace:
#0 L:\Tools\xampp\htdocs\yiiharburg-adminapp\models\voting\Votingresultstatistic.php(137): yii\base\ErrorHandler->handleError(8, 'Undefined varia...', 'L:\\Tools\\xampp\\...', 137, Array)
#1 L:\Tools\xampp\htdocs\yiiharburg-adminapp\controllers\VotingController.php(487): app\models\voting\Votingresultstatistic::getResultstatisticsWithoutWeighting(Object(app\models\voting\Votingquestion))
#2 [internal function]: app\controllers\VotingController->actionGetResults('6')
#3 L:\Tools\xampp\htdocs\yiiharburg-adminapp\vendor\yiisoft\yii2\base\InlineAction.php(57): call_user_func_array(Array, Array)
#4 L:\Tools\xampp\htdocs\yiiharburg-adminapp\vendor\yiisoft\yii2\base\Controller.php(180): yii\base\InlineAction->runWithParams(Array)
#5 L:\Tools\xampp\htdocs\yiiharburg-adminapp\vendor\yiisoft\yii2\base\Module.php(528): yii\base\Controller->runAction('get-results', Array)
#6 L:\Tools\xampp\htdocs\yiiharburg-adminapp\vendor\yiisoft\yii2\web\Application.php(103): yii\base\Module->runAction('voting/get-resu...', Array)
#7 L:\Tools\xampp\htdocs\yiiharburg-adminapp\vendor\yiisoft\yii2\base\Application.php(386): yii\web\Application->handleRequest(Object(yii\web\Request))
#8 L:\Tools\xampp\htdocs\yiiharburg-adminapp\web\index.php(12): yii\base\Application->run()
#9 {main}
2021-04-28 22:04:11 [127.0.0.1][1][8sh8cmildhahkadkmtpf9ggqif][error][yii\base\ErrorException:8] yii\base\ErrorException: Undefined variable: model in L:\Tools\xampp\htdocs\yiiharburg-adminapp\models\voting\Votingresultstatistic.php:137
Stack trace:
#0 L:\Tools\xampp\htdocs\yiiharburg-adminapp\models\voting\Votingresultstatistic.php(137): yii\base\ErrorHandler->handleError(8, 'Undefined varia...', 'L:\\Tools\\xampp\\...', 137, Array)
#1 L:\Tools\xampp\htdocs\yiiharburg-adminapp\controllers\VotingController.php(487): app\models\voting\Votingresultstatistic::getResultstatisticsWithoutWeighting(Object(app\models\voting\Votingquestion))
#2 [internal function]: app\controllers\VotingController->actionGetResults('6')
#3 L:\Tools\xampp\htdocs\yiiharburg-adminapp\vendor\yiisoft\yii2\base\InlineAction.php(57): call_user_func_array(Array, Array)
#4 L:\Tools\xampp\htdocs\yiiharburg-adminapp\vendor\yiisoft\yii2\base\Controller.php(180): yii\base\InlineAction->runWithParams(Array)
#5 L:\Tools\xampp\htdocs\yiiharburg-adminapp\vendor\yiisoft\yii2\base\Module.php(528): yii\base\Controller->runAction('get-results', Array)
#6 L:\Tools\xampp\htdocs\yiiharburg-adminapp\vendor\yiisoft\yii2\web\Application.php(103): yii\base\Module->runAction('voting/get-resu...', Array)
#7 L:\Tools\xampp\htdocs\yiiharburg-adminapp\vendor\yiisoft\yii2\base\Application.php(386): yii\web\Application->handleRequest(Object(yii\web\Request))
#8 L:\Tools\xampp\htdocs\yiiharburg-adminapp\web\index.php(12): yii\base\Application->run()
#9 {main}
2021-04-28 22:04:21 [127.0.0.1][1][8sh8cmildhahkadkmtpf9ggqif][error][yii\base\ErrorException:8] yii\base\ErrorException: Undefined variable: model in L:\Tools\xampp\htdocs\yiiharburg-adminapp\models\voting\Votingresultstatistic.php:137
Stack trace:
#0 L:\Tools\xampp\htdocs\yiiharburg-adminapp\models\voting\Votingresultstatistic.php(137): yii\base\ErrorHandler->handleError(8, 'Undefined varia...', 'L:\\Tools\\xampp\\...', 137, Array)
#1 L:\Tools\xampp\htdocs\yiiharburg-adminapp\controllers\VotingController.php(487): app\models\voting\Votingresultstatistic::getResultstatisticsWithoutWeighting(Object(app\models\voting\Votingquestion))
#2 [internal function]: app\controllers\VotingController->actionGetResults('6')
#3 L:\Tools\xampp\htdocs\yiiharburg-adminapp\vendor\yiisoft\yii2\base\InlineAction.php(57): call_user_func_array(Array, Array)
#4 L:\Tools\xampp\htdocs\yiiharburg-adminapp\vendor\yiisoft\yii2\base\Controller.php(180): yii\base\InlineAction->runWithParams(Array)
#5 L:\Tools\xampp\htdocs\yiiharburg-adminapp\vendor\yiisoft\yii2\base\Module.php(528): yii\base\Controller->runAction('get-results', Array)
#6 L:\Tools\xampp\htdocs\yiiharburg-adminapp\vendor\yiisoft\yii2\web\Application.php(103): yii\base\Module->runAction('voting/get-resu...', Array)
#7 L:\Tools\xampp\htdocs\yiiharburg-adminapp\vendor\yiisoft\yii2\base\Application.php(386): yii\web\Application->handleRequest(Object(yii\web\Request))
#8 L:\Tools\xampp\htdocs\yiiharburg-adminapp\web\index.php(12): yii\base\Application->run()
#9 {main}
2021-04-28 22:04:31 [127.0.0.1][1][8sh8cmildhahkadkmtpf9ggqif][error][yii\base\ErrorException:8] yii\base\ErrorException: Undefined variable: model in L:\Tools\xampp\htdocs\yiiharburg-adminapp\models\voting\Votingresultstatistic.php:137
Stack trace:
#0 L:\Tools\xampp\htdocs\yiiharburg-adminapp\models\voting\Votingresultstatistic.php(137): yii\base\ErrorHandler->handleError(8, 'Undefined varia...', 'L:\\Tools\\xampp\\...', 137, Array)
#1 L:\Tools\xampp\htdocs\yiiharburg-adminapp\controllers\VotingController.php(487): app\models\voting\Votingresultstatistic::getResultstatisticsWithoutWeighting(Object(app\models\voting\Votingquestion))
#2 [internal function]: app\controllers\VotingController->actionGetResults('6')
#3 L:\Tools\xampp\htdocs\yiiharburg-adminapp\vendor\yiisoft\yii2\base\InlineAction.php(57): call_user_func_array(Array, Array)
#4 L:\Tools\xampp\htdocs\yiiharburg-adminapp\vendor\yiisoft\yii2\base\Controller.php(180): yii\base\InlineAction->runWithParams(Array)
#5 L:\Tools\xampp\htdocs\yiiharburg-adminapp\vendor\yiisoft\yii2\base\Module.php(528): yii\base\Controller->runAction('get-results', Array)
#6 L:\Tools\xampp\htdocs\yiiharburg-adminapp\vendor\yiisoft\yii2\web\Application.php(103): yii\base\Module->runAction('voting/get-resu...', Array)
#7 L:\Tools\xampp\htdocs\yiiharburg-adminapp\vendor\yiisoft\yii2\base\Application.php(386): yii\web\Application->handleRequest(Object(yii\web\Request))
#8 L:\Tools\xampp\htdocs\yiiharburg-adminapp\web\index.php(12): yii\base\Application->run()
#9 {main}
2021-04-28 22:04:41 [127.0.0.1][1][8sh8cmildhahkadkmtpf9ggqif][error][yii\base\ErrorException:8] yii\base\ErrorException: Undefined variable: model in L:\Tools\xampp\htdocs\yiiharburg-adminapp\models\voting\Votingresultstatistic.php:137
Stack trace:
#0 L:\Tools\xampp\htdocs\yiiharburg-adminapp\models\voting\Votingresultstatistic.php(137): yii\base\ErrorHandler->handleError(8, 'Undefined varia...', 'L:\\Tools\\xampp\\...', 137, Array)
#1 L:\Tools\xampp\htdocs\yiiharburg-adminapp\controllers\VotingController.php(487): app\models\voting\Votingresultstatistic::getResultstatisticsWithoutWeighting(Object(app\models\voting\Votingquestion))
#2 [internal function]: app\controllers\VotingController->actionGetResults('6')
#3 L:\Tools\xampp\htdocs\yiiharburg-adminapp\vendor\yiisoft\yii2\base\InlineAction.php(57): call_user_func_array(Array, Array)
#4 L:\Tools\xampp\htdocs\yiiharburg-adminapp\vendor\yiisoft\yii2\base\Controller.php(180): yii\base\InlineAction->runWithParams(Array)
#5 L:\Tools\xampp\htdocs\yiiharburg-adminapp\vendor\yiisoft\yii2\base\Module.php(528): yii\base\Controller->runAction('get-results', Array)
#6 L:\Tools\xampp\htdocs\yiiharburg-adminapp\vendor\yiisoft\yii2\web\Application.php(103): yii\base\Module->runAction('voting/get-resu...', Array)
#7 L:\Tools\xampp\htdocs\yiiharburg-adminapp\vendor\yiisoft\yii2\base\Application.php(386): yii\web\Application->handleRequest(Object(yii\web\Request))
#8 L:\Tools\xampp\htdocs\yiiharburg-adminapp\web\index.php(12): yii\base\Application->run()
#9 {main}
2021-04-28 22:05:10 [127.0.0.1][1][8sh8cmildhahkadkmtpf9ggqif][trace][yii\db\Transaction::begin] Begin transaction
    in L:\Tools\xampp\htdocs\yiiharburg-adminapp\controllers\VotingController.php:396
2021-04-28 22:05:10 [127.0.0.1][1][8sh8cmildhahkadkmtpf9ggqif][info][yii\db\Command::execute] UPDATE `votingquestion` SET `votingtype_id`=2, `hasweighting`=0 WHERE `id`=4
    in L:\Tools\xampp\htdocs\yiiharburg-adminapp\models\voting\Votingquestion.php:186
    in L:\Tools\xampp\htdocs\yiiharburg-adminapp\controllers\VotingController.php:402
2021-04-28 22:05:10 [127.0.0.1][1][8sh8cmildhahkadkmtpf9ggqif][trace][yii\db\Transaction::commit] Commit transaction
    in L:\Tools\xampp\htdocs\yiiharburg-adminapp\controllers\VotingController.php:407
2021-04-28 22:05:25 [127.0.0.1][1][8sh8cmildhahkadkmtpf9ggqif][trace][yii\db\Transaction::begin] Begin transaction
    in L:\Tools\xampp\htdocs\yiiharburg-adminapp\controllers\VotingController.php:396
2021-04-28 22:05:25 [127.0.0.1][1][8sh8cmildhahkadkmtpf9ggqif][info][yii\db\Command::execute] UPDATE `votingquestion` SET `votingtype_id`=2, `hasweighting`=1 WHERE `id`=4
    in L:\Tools\xampp\htdocs\yiiharburg-adminapp\models\voting\Votingquestion.php:186
    in L:\Tools\xampp\htdocs\yiiharburg-adminapp\controllers\VotingController.php:402
2021-04-28 22:05:25 [127.0.0.1][1][8sh8cmildhahkadkmtpf9ggqif][trace][yii\db\Transaction::commit] Commit transaction
    in L:\Tools\xampp\htdocs\yiiharburg-adminapp\controllers\VotingController.php:407
2021-04-28 22:05:32 [127.0.0.1][1][8sh8cmildhahkadkmtpf9ggqif][trace][yii\db\Transaction::begin] Begin transaction
    in L:\Tools\xampp\htdocs\yiiharburg-adminapp\controllers\VotingController.php:396
2021-04-28 22:05:32 [127.0.0.1][1][8sh8cmildhahkadkmtpf9ggqif][info][yii\db\Command::execute] UPDATE `votingquestion` SET `votingtype_id`=2 WHERE `id`=4
    in L:\Tools\xampp\htdocs\yiiharburg-adminapp\models\voting\Votingquestion.php:186
    in L:\Tools\xampp\htdocs\yiiharburg-adminapp\controllers\VotingController.php:402
2021-04-28 22:05:32 [127.0.0.1][1][8sh8cmildhahkadkmtpf9ggqif][trace][yii\db\Transaction::commit] Commit transaction
    in L:\Tools\xampp\htdocs\yiiharburg-adminapp\controllers\VotingController.php:407
2021-04-28 22:11:44 [127.0.0.1][1][8sh8cmildhahkadkmtpf9ggqif][error][Error] Error: Call to undefined method app\models\voting\Votingweights::getActiveVotingWeightsStimmen() in L:\Tools\xampp\htdocs\yiiharburg-adminapp\models\voting\Votingresultstatistic.php:51
Stack trace:
#0 L:\Tools\xampp\htdocs\yiiharburg-adminapp\controllers\VotingController.php(483): app\models\voting\Votingresultstatistic::getResultstatisticsWithWeightingRadio(Object(app\models\voting\Votingquestion))
#1 [internal function]: app\controllers\VotingController->actionGetResults('4')
#2 L:\Tools\xampp\htdocs\yiiharburg-adminapp\vendor\yiisoft\yii2\base\InlineAction.php(57): call_user_func_array(Array, Array)
#3 L:\Tools\xampp\htdocs\yiiharburg-adminapp\vendor\yiisoft\yii2\base\Controller.php(180): yii\base\InlineAction->runWithParams(Array)
#4 L:\Tools\xampp\htdocs\yiiharburg-adminapp\vendor\yiisoft\yii2\base\Module.php(528): yii\base\Controller->runAction('get-results', Array)
#5 L:\Tools\xampp\htdocs\yiiharburg-adminapp\vendor\yiisoft\yii2\web\Application.php(103): yii\base\Module->runAction('voting/get-resu...', Array)
#6 L:\Tools\xampp\htdocs\yiiharburg-adminapp\vendor\yiisoft\yii2\base\Application.php(386): yii\web\Application->handleRequest(Object(yii\web\Request))
#7 L:\Tools\xampp\htdocs\yiiharburg-adminapp\web\index.php(12): yii\base\Application->run()
#8 {main}
2021-04-28 22:11:54 [127.0.0.1][1][8sh8cmildhahkadkmtpf9ggqif][error][Error] Error: Call to undefined method app\models\voting\Votingweights::getActiveVotingWeightsStimmen() in L:\Tools\xampp\htdocs\yiiharburg-adminapp\models\voting\Votingresultstatistic.php:51
Stack trace:
#0 L:\Tools\xampp\htdocs\yiiharburg-adminapp\controllers\VotingController.php(483): app\models\voting\Votingresultstatistic::getResultstatisticsWithWeightingRadio(Object(app\models\voting\Votingquestion))
#1 [internal function]: app\controllers\VotingController->actionGetResults('4')
#2 L:\Tools\xampp\htdocs\yiiharburg-adminapp\vendor\yiisoft\yii2\base\InlineAction.php(57): call_user_func_array(Array, Array)
#3 L:\Tools\xampp\htdocs\yiiharburg-adminapp\vendor\yiisoft\yii2\base\Controller.php(180): yii\base\InlineAction->runWithParams(Array)
#4 L:\Tools\xampp\htdocs\yiiharburg-adminapp\vendor\yiisoft\yii2\base\Module.php(528): yii\base\Controller->runAction('get-results', Array)
#5 L:\Tools\xampp\htdocs\yiiharburg-adminapp\vendor\yiisoft\yii2\web\Application.php(103): yii\base\Module->runAction('voting/get-resu...', Array)
#6 L:\Tools\xampp\htdocs\yiiharburg-adminapp\vendor\yiisoft\yii2\base\Application.php(386): yii\web\Application->handleRequest(Object(yii\web\Request))
#7 L:\Tools\xampp\htdocs\yiiharburg-adminapp\web\index.php(12): yii\base\Application->run()
#8 {main}
2021-04-28 22:12:04 [127.0.0.1][1][8sh8cmildhahkadkmtpf9ggqif][error][Error] Error: Call to undefined method app\models\voting\Votingweights::getActiveVotingWeightsStimmen() in L:\Tools\xampp\htdocs\yiiharburg-adminapp\models\voting\Votingresultstatistic.php:51
Stack trace:
#0 L:\Tools\xampp\htdocs\yiiharburg-adminapp\controllers\VotingController.php(483): app\models\voting\Votingresultstatistic::getResultstatisticsWithWeightingRadio(Object(app\models\voting\Votingquestion))
#1 [internal function]: app\controllers\VotingController->actionGetResults('4')
#2 L:\Tools\xampp\htdocs\yiiharburg-adminapp\vendor\yiisoft\yii2\base\InlineAction.php(57): call_user_func_array(Array, Array)
#3 L:\Tools\xampp\htdocs\yiiharburg-adminapp\vendor\yiisoft\yii2\base\Controller.php(180): yii\base\InlineAction->runWithParams(Array)
#4 L:\Tools\xampp\htdocs\yiiharburg-adminapp\vendor\yiisoft\yii2\base\Module.php(528): yii\base\Controller->runAction('get-results', Array)
#5 L:\Tools\xampp\htdocs\yiiharburg-adminapp\vendor\yiisoft\yii2\web\Application.php(103): yii\base\Module->runAction('voting/get-resu...', Array)
#6 L:\Tools\xampp\htdocs\yiiharburg-adminapp\vendor\yiisoft\yii2\base\Application.php(386): yii\web\Application->handleRequest(Object(yii\web\Request))
#7 L:\Tools\xampp\htdocs\yiiharburg-adminapp\web\index.php(12): yii\base\Application->run()
#8 {main}
2021-04-28 22:12:14 [127.0.0.1][1][8sh8cmildhahkadkmtpf9ggqif][error][Error] Error: Call to undefined method app\models\voting\Votingweights::getActiveVotingWeightsStimmen() in L:\Tools\xampp\htdocs\yiiharburg-adminapp\models\voting\Votingresultstatistic.php:51
Stack trace:
#0 L:\Tools\xampp\htdocs\yiiharburg-adminapp\controllers\VotingController.php(483): app\models\voting\Votingresultstatistic::getResultstatisticsWithWeightingRadio(Object(app\models\voting\Votingquestion))
#1 [internal function]: app\controllers\VotingController->actionGetResults('4')
#2 L:\Tools\xampp\htdocs\yiiharburg-adminapp\vendor\yiisoft\yii2\base\InlineAction.php(57): call_user_func_array(Array, Array)
#3 L:\Tools\xampp\htdocs\yiiharburg-adminapp\vendor\yiisoft\yii2\base\Controller.php(180): yii\base\InlineAction->runWithParams(Array)
#4 L:\Tools\xampp\htdocs\yiiharburg-adminapp\vendor\yiisoft\yii2\base\Module.php(528): yii\base\Controller->runAction('get-results', Array)
#5 L:\Tools\xampp\htdocs\yiiharburg-adminapp\vendor\yiisoft\yii2\web\Application.php(103): yii\base\Module->runAction('voting/get-resu...', Array)
#6 L:\Tools\xampp\htdocs\yiiharburg-adminapp\vendor\yiisoft\yii2\base\Application.php(386): yii\web\Application->handleRequest(Object(yii\web\Request))
#7 L:\Tools\xampp\htdocs\yiiharburg-adminapp\web\index.php(12): yii\base\Application->run()
#8 {main}
2021-04-28 22:12:24 [127.0.0.1][1][8sh8cmildhahkadkmtpf9ggqif][error][Error] Error: Call to undefined method app\models\voting\Votingweights::getActiveVotingWeightsStimmen() in L:\Tools\xampp\htdocs\yiiharburg-adminapp\models\voting\Votingresultstatistic.php:51
Stack trace:
#0 L:\Tools\xampp\htdocs\yiiharburg-adminapp\controllers\VotingController.php(483): app\models\voting\Votingresultstatistic::getResultstatisticsWithWeightingRadio(Object(app\models\voting\Votingquestion))
#1 [internal function]: app\controllers\VotingController->actionGetResults('4')
#2 L:\Tools\xampp\htdocs\yiiharburg-adminapp\vendor\yiisoft\yii2\base\InlineAction.php(57): call_user_func_array(Array, Array)
#3 L:\Tools\xampp\htdocs\yiiharburg-adminapp\vendor\yiisoft\yii2\base\Controller.php(180): yii\base\InlineAction->runWithParams(Array)
#4 L:\Tools\xampp\htdocs\yiiharburg-adminapp\vendor\yiisoft\yii2\base\Module.php(528): yii\base\Controller->runAction('get-results', Array)
#5 L:\Tools\xampp\htdocs\yiiharburg-adminapp\vendor\yiisoft\yii2\web\Application.php(103): yii\base\Module->runAction('voting/get-resu...', Array)
#6 L:\Tools\xampp\htdocs\yiiharburg-adminapp\vendor\yiisoft\yii2\base\Application.php(386): yii\web\Application->handleRequest(Object(yii\web\Request))
#7 L:\Tools\xampp\htdocs\yiiharburg-adminapp\web\index.php(12): yii\base\Application->run()
#8 {main}
2021-04-28 22:12:34 [127.0.0.1][1][8sh8cmildhahkadkmtpf9ggqif][error][Error] Error: Call to undefined method app\models\voting\Votingweights::getActiveVotingWeightsStimmen() in L:\Tools\xampp\htdocs\yiiharburg-adminapp\models\voting\Votingresultstatistic.php:51
Stack trace:
#0 L:\Tools\xampp\htdocs\yiiharburg-adminapp\controllers\VotingController.php(483): app\models\voting\Votingresultstatistic::getResultstatisticsWithWeightingRadio(Object(app\models\voting\Votingquestion))
#1 [internal function]: app\controllers\VotingController->actionGetResults('4')
#2 L:\Tools\xampp\htdocs\yiiharburg-adminapp\vendor\yiisoft\yii2\base\InlineAction.php(57): call_user_func_array(Array, Array)
#3 L:\Tools\xampp\htdocs\yiiharburg-adminapp\vendor\yiisoft\yii2\base\Controller.php(180): yii\base\InlineAction->runWithParams(Array)
#4 L:\Tools\xampp\htdocs\yiiharburg-adminapp\vendor\yiisoft\yii2\base\Module.php(528): yii\base\Controller->runAction('get-results', Array)
#5 L:\Tools\xampp\htdocs\yiiharburg-adminapp\vendor\yiisoft\yii2\web\Application.php(103): yii\base\Module->runAction('voting/get-resu...', Array)
#6 L:\Tools\xampp\htdocs\yiiharburg-adminapp\vendor\yiisoft\yii2\base\Application.php(386): yii\web\Application->handleRequest(Object(yii\web\Request))
#7 L:\Tools\xampp\htdocs\yiiharburg-adminapp\web\index.php(12): yii\base\Application->run()
#8 {main}
2021-04-28 22:15:47 [127.0.0.1][-][-][info][yii\db\Command::execute] DELETE FROM `votinganswer` WHERE (`votingquestion_id`='4') AND (`votingweights_id`='2')
    in L:\Tools\xampp\htdocs\yiiharburg-adminapp\models\voting\Votinganswer.php:418
    in L:\Tools\xampp\htdocs\yiiharburg-adminapp\controllers\VotingController.php:561
